2016-04-12 20:11:19,718 INFO: microblog startup [in /Users/Daisy/Desktop/try/app/__init__.py:40]
2016-04-12 20:11:30,093 INFO: flask startup [in /Users/Daisy/Desktop/try/app/__init__.py:40]
2016-04-12 20:11:34,410 INFO: flask startup [in /Users/Daisy/Desktop/try/app/__init__.py:40]
2016-04-12 20:16:48,663 INFO: flask startup [in /Users/Daisy/Desktop/try/app/__init__.py:40]
2016-04-12 20:16:48,903 INFO: flask startup [in /Users/Daisy/Desktop/try/app/__init__.py:40]
2016-04-12 20:43:32,046 INFO: flask startup [in /Users/Daisy/Desktop/try/app/__init__.py:40]
2016-04-12 20:43:32,283 INFO: flask startup [in /Users/Daisy/Desktop/try/app/__init__.py:40]
2016-04-12 20:47:27,626 INFO: flask startup [in /Users/Daisy/Desktop/try/app/__init__.py:40]
2016-04-12 20:47:27,858 INFO: flask startup [in /Users/Daisy/Desktop/try/app/__init__.py:40]
2016-04-12 20:57:18,735 INFO: flask startup [in /Users/Daisy/Desktop/try/app/__init__.py:40]
2016-04-12 20:57:18,971 INFO: flask startup [in /Users/Daisy/Desktop/try/app/__init__.py:40]
2016-04-12 21:07:31,142 INFO: flask startup [in /Users/Daisy/Desktop/try/app/__init__.py:40]
2016-04-12 21:07:31,384 INFO: flask startup [in /Users/Daisy/Desktop/try/app/__init__.py:40]
2016-05-07 15:55:02,377 INFO: flask startup [in /Users/Daisy/Desktop/try/app/__init__.py:40]
2016-05-07 15:55:02,665 INFO: flask startup [in /Users/Daisy/Desktop/try/app/__init__.py:40]
2016-05-07 21:37:48,148 INFO: flask startup [in /Users/Daisy/Desktop/cui/app/__init__.py:40]
2016-05-07 21:40:13,797 INFO: flask startup [in /Users/Daisy/Desktop/cui/app/__init__.py:40]
2016-05-07 21:40:50,964 INFO: flask startup [in /Users/Daisy/Desktop/cui/app/__init__.py:40]
2016-05-07 21:43:12,067 INFO: flask startup [in /Users/Daisy/Desktop/cui/app/__init__.py:40]
2016-05-07 21:48:51,438 INFO: flask startup [in /Users/Daisy/Desktop/cui/app/__init__.py:40]
2016-05-07 22:01:29,690 INFO: flask startup [in /Users/Daisy/Desktop/cui/app/__init__.py:40]
2016-05-07 22:08:10,695 INFO: flask startup [in /Users/Daisy/Desktop/cui/app/__init__.py:40]
2016-05-07 22:09:31,844 INFO: flask startup [in /Users/Daisy/Desktop/cui/app/__init__.py:40]
2016-05-08 15:30:04,832 INFO: flask startup [in /Users/Daisy/Desktop/cui/app/__init__.py:40]
2016-05-08 15:30:52,107 INFO: flask startup [in /Users/Daisy/Desktop/cui/app/__init__.py:40]
2016-05-08 15:43:33,773 INFO: flask startup [in /Users/Daisy/Desktop/cui/app/__init__.py:40]
2016-05-08 15:44:12,815 INFO: flask startup [in /Users/Daisy/Desktop/cui/app/__init__.py:40]
2016-05-08 15:44:40,420 INFO: flask startup [in /Users/Daisy/Desktop/cui/app/__init__.py:40]
2016-05-08 15:44:49,355 INFO: flask startup [in /Users/Daisy/Desktop/cui/app/__init__.py:40]
2016-05-08 15:57:20,671 INFO: flask startup [in /Users/Daisy/Desktop/cui/app/__init__.py:40]
2016-05-08 16:00:52,514 INFO: flask startup [in /Users/Daisy/Desktop/cui/app/__init__.py:40]
2016-05-08 16:01:12,727 INFO: flask startup [in /Users/Daisy/Desktop/cui/app/__init__.py:40]
2016-05-08 16:01:13,538 INFO: flask startup [in /Users/Daisy/Desktop/cui/app/__init__.py:40]
2016-05-08 16:06:00,573 INFO: flask startup [in /Users/Daisy/Desktop/cui/app/__init__.py:40]
2016-05-08 16:06:01,372 INFO: flask startup [in /Users/Daisy/Desktop/cui/app/__init__.py:40]
2016-05-08 16:06:12,339 INFO: flask startup [in /Users/Daisy/Desktop/cui/app/__init__.py:40]
2016-05-08 16:06:13,213 INFO: flask startup [in /Users/Daisy/Desktop/cui/app/__init__.py:40]
2016-05-08 16:27:07,391 INFO: flask startup [in /Users/Daisy/Desktop/cui/app/__init__.py:40]
2016-05-08 16:27:08,213 INFO: flask startup [in /Users/Daisy/Desktop/cui/app/__init__.py:40]
2016-05-08 16:28:45,891 INFO: flask startup [in /Users/Daisy/Desktop/cui/app/__init__.py:40]
2016-05-08 16:28:46,702 INFO: flask startup [in /Users/Daisy/Desktop/cui/app/__init__.py:40]
2016-05-08 16:31:36,674 INFO: flask startup [in /Users/Daisy/Desktop/cui/app/__init__.py:40]
2016-05-08 16:31:39,652 INFO: flask startup [in /Users/Daisy/Desktop/cui/app/__init__.py:40]
2016-05-08 16:34:44,611 INFO: flask startup [in /Users/Daisy/Desktop/cui/app/__init__.py:40]
2016-05-08 16:34:45,427 INFO: flask startup [in /Users/Daisy/Desktop/cui/app/__init__.py:40]
2016-05-08 16:41:42,012 INFO: flask startup [in /Users/Daisy/Desktop/cui/app/__init__.py:40]
2016-05-08 16:41:42,815 INFO: flask startup [in /Users/Daisy/Desktop/cui/app/__init__.py:40]
2016-05-08 16:54:05,441 INFO: flask startup [in /Users/Daisy/Desktop/cui/app/__init__.py:40]
2016-05-08 16:54:06,263 INFO: flask startup [in /Users/Daisy/Desktop/cui/app/__init__.py:40]
2016-05-08 16:54:43,450 INFO: flask startup [in /Users/Daisy/Desktop/cui/app/__init__.py:40]
2016-05-08 16:54:44,264 INFO: flask startup [in /Users/Daisy/Desktop/cui/app/__init__.py:40]
2016-05-08 17:00:32,571 INFO: flask startup [in /Users/Daisy/Desktop/cui/app/__init__.py:40]
2016-05-08 17:00:33,389 INFO: flask startup [in /Users/Daisy/Desktop/cui/app/__init__.py:40]
2016-05-08 17:01:53,909 INFO: flask startup [in /Users/Daisy/Desktop/cui/app/__init__.py:40]
2016-05-08 17:01:54,712 INFO: flask startup [in /Users/Daisy/Desktop/cui/app/__init__.py:40]
2016-05-08 17:05:06,014 INFO: flask startup [in /Users/Daisy/Desktop/cui/app/__init__.py:40]
2016-05-08 17:05:06,836 INFO: flask startup [in /Users/Daisy/Desktop/cui/app/__init__.py:40]
2016-05-08 17:16:27,648 INFO: flask startup [in /Users/Daisy/Desktop/cui/app/__init__.py:40]
2016-05-08 17:16:28,465 INFO: flask startup [in /Users/Daisy/Desktop/cui/app/__init__.py:40]
2016-05-08 17:22:10,991 INFO: flask startup [in /Users/Daisy/Desktop/cui/app/__init__.py:40]
2016-05-08 17:22:11,816 INFO: flask startup [in /Users/Daisy/Desktop/cui/app/__init__.py:40]
2016-05-08 17:25:26,950 INFO: flask startup [in /Users/Daisy/Desktop/cui/app/__init__.py:40]
2016-05-08 17:25:27,771 INFO: flask startup [in /Users/Daisy/Desktop/cui/app/__init__.py:40]
2016-05-08 17:54:22,536 INFO: flask startup [in /Users/Daisy/Desktop/cui/app/__init__.py:40]
2016-05-08 17:54:23,358 INFO: flask startup [in /Users/Daisy/Desktop/cui/app/__init__.py:40]
2016-05-08 17:55:31,967 INFO: flask startup [in /Users/Daisy/Desktop/cui/app/__init__.py:40]
2016-05-08 17:55:32,807 INFO: flask startup [in /Users/Daisy/Desktop/cui/app/__init__.py:40]
2016-05-08 18:10:10,488 INFO: flask startup [in /Users/Daisy/Desktop/cui/app/__init__.py:40]
2016-05-08 18:10:11,309 INFO: flask startup [in /Users/Daisy/Desktop/cui/app/__init__.py:40]
2016-05-08 18:32:20,325 INFO: flask startup [in /Users/Daisy/Desktop/cui/app/__init__.py:40]
2016-05-08 18:32:21,146 INFO: flask startup [in /Users/Daisy/Desktop/cui/app/__init__.py:40]
2016-05-08 18:59:59,733 INFO: flask startup [in /Users/Daisy/Desktop/cui/app/__init__.py:40]
2016-05-08 19:00:01,221 INFO: flask startup [in /Users/Daisy/Desktop/cui/app/__init__.py:40]
2016-05-08 19:33:39,429 INFO: flask startup [in /Users/Daisy/Desktop/cui/app/__init__.py:40]
2016-05-08 19:33:40,310 INFO: flask startup [in /Users/Daisy/Desktop/cui/app/__init__.py:40]
2016-05-08 20:04:09,808 INFO: flask startup [in /Users/Daisy/Desktop/cui/app/__init__.py:40]
2016-05-08 20:04:49,076 INFO: flask startup [in /Users/Daisy/Desktop/cui/app/__init__.py:40]
2016-05-08 20:04:51,502 INFO: flask startup [in /Users/Daisy/Desktop/cui/app/__init__.py:40]
2016-05-08 20:06:04,632 INFO: flask startup [in /Users/Daisy/Desktop/cui/app/__init__.py:40]
2016-05-08 20:06:07,042 INFO: flask startup [in /Users/Daisy/Desktop/cui/app/__init__.py:40]
2016-05-08 21:45:58,516 INFO: flask startup [in /Users/Daisy/Desktop/cui/app/__init__.py:40]
2016-05-08 21:46:00,795 INFO: flask startup [in /Users/Daisy/Desktop/cui/app/__init__.py:40]
2016-05-08 21:51:21,214 INFO: flask startup [in /Users/Daisy/Desktop/cui/app/__init__.py:40]
2016-05-08 21:51:23,200 INFO: flask startup [in /Users/Daisy/Desktop/cui/app/__init__.py:40]
2016-05-08 21:52:22,064 INFO: flask startup [in /Users/Daisy/Desktop/cui/app/__init__.py:40]
2016-05-08 21:52:33,314 INFO: flask startup [in /Users/Daisy/Desktop/cui/app/__init__.py:40]
2016-05-08 21:52:35,552 INFO: flask startup [in /Users/Daisy/Desktop/cui/app/__init__.py:40]
2016-05-08 21:53:46,603 INFO: flask startup [in /Users/Daisy/Desktop/cui/app/__init__.py:40]
2016-05-08 21:54:04,211 INFO: flask startup [in /Users/Daisy/Desktop/cui/app/__init__.py:40]
2016-05-08 21:54:30,184 INFO: flask startup [in /Users/Daisy/Desktop/cui/app/__init__.py:40]
2016-05-08 21:54:32,178 INFO: flask startup [in /Users/Daisy/Desktop/cui/app/__init__.py:40]
2016-05-08 21:55:57,337 INFO: flask startup [in /Users/Daisy/Desktop/cui/app/__init__.py:40]
2016-05-08 21:57:22,955 INFO: flask startup [in /Users/Daisy/Desktop/cui/app/__init__.py:40]
2016-05-08 21:58:46,050 INFO: flask startup [in /Users/Daisy/Desktop/cui/app/__init__.py:40]
2016-05-08 21:59:10,883 INFO: flask startup [in /Users/Daisy/Desktop/cui/app/__init__.py:40]
2016-05-08 22:04:21,869 INFO: flask startup [in /Users/Daisy/Desktop/cui/app/__init__.py:40]
2016-05-08 22:04:24,823 INFO: flask startup [in /Users/Daisy/Desktop/cui/app/__init__.py:40]
2016-05-08 22:05:06,478 INFO: flask startup [in /Users/Daisy/Desktop/cui/app/__init__.py:40]
2016-05-08 22:06:22,658 INFO: flask startup [in /Users/Daisy/Desktop/cui/app/__init__.py:40]
2016-05-08 22:07:04,730 INFO: flask startup [in /Users/Daisy/Desktop/cui/app/__init__.py:40]
2016-05-08 22:07:14,966 INFO: flask startup [in /Users/Daisy/Desktop/cui/app/__init__.py:40]
2016-05-08 22:08:36,150 INFO: flask startup [in /Users/Daisy/Desktop/cui/app/__init__.py:40]
2016-05-08 22:09:07,078 INFO: flask startup [in /Users/Daisy/Desktop/cui/app/__init__.py:40]
2016-05-08 22:09:51,672 INFO: flask startup [in /Users/Daisy/Desktop/cui/app/__init__.py:40]
2016-05-08 22:10:03,977 INFO: flask startup [in /Users/Daisy/Desktop/cui/app/__init__.py:40]
2016-05-08 22:10:07,987 INFO: flask startup [in /Users/Daisy/Desktop/cui/app/__init__.py:40]
2016-05-09 00:02:01,075 INFO: flask startup [in /Users/Daisy/Desktop/cui/app/__init__.py:40]
2016-05-09 00:02:03,413 INFO: flask startup [in /Users/Daisy/Desktop/cui/app/__init__.py:40]
2016-05-09 01:08:40,900 INFO: flask startup [in /Users/Daisy/Desktop/cui/app/__init__.py:40]
2016-05-09 01:17:44,574 INFO: flask startup [in /Users/Daisy/Desktop/cui/app/__init__.py:40]
2016-05-09 01:18:13,826 INFO: flask startup [in /Users/Daisy/Desktop/cui/app/__init__.py:40]
2016-05-09 01:19:46,253 INFO: flask startup [in /Users/Daisy/Desktop/cui/app/__init__.py:40]
2016-05-09 01:21:34,855 INFO: flask startup [in /Users/Daisy/Desktop/cui/app/__init__.py:40]
2016-05-09 01:22:42,235 INFO: flask startup [in /Users/Daisy/Desktop/cui/app/__init__.py:40]
2016-05-09 01:24:39,919 INFO: flask startup [in /Users/Daisy/Desktop/cui/app/__init__.py:40]
2016-05-09 01:26:03,470 INFO: flask startup [in /Users/Daisy/Desktop/cui/app/__init__.py:40]
2016-05-09 01:26:05,690 INFO: flask startup [in /Users/Daisy/Desktop/cui/app/__init__.py:40]
2016-05-09 01:27:03,265 INFO: flask startup [in /Users/Daisy/Desktop/cui/app/__init__.py:40]
2016-05-09 01:27:31,909 INFO: flask startup [in /Users/Daisy/Desktop/cui/app/__init__.py:40]
2016-05-09 01:28:19,861 INFO: flask startup [in /Users/Daisy/Desktop/cui/app/__init__.py:40]
2016-05-09 01:29:26,065 INFO: flask startup [in /Users/Daisy/Desktop/cui/app/__init__.py:40]
2016-05-09 01:29:39,598 INFO: flask startup [in /Users/Daisy/Desktop/cui/app/__init__.py:40]
2016-05-09 01:30:27,084 INFO: flask startup [in /Users/Daisy/Desktop/cui/app/__init__.py:40]
2016-05-09 01:31:21,256 INFO: flask startup [in /Users/Daisy/Desktop/cui/app/__init__.py:40]
2016-05-09 01:31:40,438 INFO: flask startup [in /Users/Daisy/Desktop/cui/app/__init__.py:40]
2016-05-09 01:32:08,171 INFO: flask startup [in /Users/Daisy/Desktop/cui/app/__init__.py:40]
2016-05-09 01:44:05,659 INFO: flask startup [in /Users/Daisy/Desktop/cui/app/__init__.py:40]
2016-05-09 01:44:07,853 INFO: flask startup [in /Users/Daisy/Desktop/cui/app/__init__.py:40]
2016-05-09 02:00:01,912 INFO: flask startup [in /Users/Daisy/Desktop/cui/app/__init__.py:40]
2016-05-09 02:00:03,935 INFO: flask startup [in /Users/Daisy/Desktop/cui/app/__init__.py:40]
2016-05-09 02:00:44,553 INFO: flask startup [in /Users/Daisy/Desktop/cui/app/__init__.py:40]
2016-05-09 02:00:46,367 INFO: flask startup [in /Users/Daisy/Desktop/cui/app/__init__.py:40]
2016-05-09 02:01:12,459 INFO: flask startup [in /Users/Daisy/Desktop/cui/app/__init__.py:40]
2016-05-09 02:01:14,698 INFO: flask startup [in /Users/Daisy/Desktop/cui/app/__init__.py:40]
2016-05-09 15:17:01,160 INFO: flask startup [in /Users/Daisy/Desktop/cui/app/__init__.py:40]
2016-05-09 15:17:03,952 INFO: flask startup [in /Users/Daisy/Desktop/cui/app/__init__.py:40]
2016-05-09 15:29:40,670 INFO: flask startup [in /Users/Daisy/Desktop/cui/app/__init__.py:40]
2016-05-09 15:29:43,194 INFO: flask startup [in /Users/Daisy/Desktop/cui/app/__init__.py:40]
2016-05-09 15:43:45,032 INFO: flask startup [in /Users/Daisy/Desktop/cui/app/__init__.py:40]
2016-05-09 15:43:46,756 INFO: flask startup [in /Users/Daisy/Desktop/cui/app/__init__.py:40]
2016-05-09 15:45:00,757 INFO: flask startup [in /Users/Daisy/Desktop/cui/app/__init__.py:40]
2016-05-09 15:45:02,906 INFO: flask startup [in /Users/Daisy/Desktop/cui/app/__init__.py:40]
2016-05-09 15:45:50,446 INFO: flask startup [in /Users/Daisy/Desktop/cui/app/__init__.py:40]
2016-05-09 15:47:06,220 INFO: flask startup [in /Users/Daisy/Desktop/cui/app/__init__.py:40]
2016-05-09 15:50:20,549 INFO: flask startup [in /Users/Daisy/Desktop/cui/app/__init__.py:40]
2016-05-09 15:50:23,462 INFO: flask startup [in /Users/Daisy/Desktop/cui/app/__init__.py:40]
2016-05-09 15:51:15,212 INFO: flask startup [in /Users/Daisy/Desktop/cui/app/__init__.py:40]
2016-05-09 15:51:23,127 INFO: flask startup [in /Users/Daisy/Desktop/cui/app/__init__.py:40]
2016-05-09 16:02:51,210 INFO: flask startup [in /Users/Daisy/Desktop/cui/app/__init__.py:40]
2016-05-09 16:03:09,583 INFO: flask startup [in /Users/Daisy/Desktop/cui/app/__init__.py:40]
2016-05-09 16:03:14,796 INFO: flask startup [in /Users/Daisy/Desktop/cui/app/__init__.py:40]
2016-05-09 16:03:38,187 INFO: flask startup [in /Users/Daisy/Desktop/cui/app/__init__.py:40]
2016-05-09 16:18:40,530 INFO: flask startup [in /Users/Daisy/Desktop/cui/app/__init__.py:40]
2016-05-09 16:18:42,630 INFO: flask startup [in /Users/Daisy/Desktop/cui/app/__init__.py:40]
2016-05-09 16:32:45,543 INFO: flask startup [in /Users/Daisy/Desktop/cui/app/__init__.py:40]
2016-05-09 16:33:35,485 INFO: flask startup [in /Users/Daisy/Desktop/cui/app/__init__.py:40]
2016-05-09 16:33:38,905 INFO: flask startup [in /Users/Daisy/Desktop/cui/app/__init__.py:40]
2016-05-09 16:51:49,973 INFO: flask startup [in /Users/Daisy/Desktop/cui/app/__init__.py:40]
2016-05-09 16:51:53,254 INFO: flask startup [in /Users/Daisy/Desktop/cui/app/__init__.py:40]
2016-05-10 22:13:02,410 INFO: flask startup [in /Users/Daisy/Desktop/flask_work/app/__init__.py:40]
2016-05-10 22:13:12,013 INFO: flask startup [in /Users/Daisy/Desktop/flask_work/app/__init__.py:40]
2016-05-10 22:13:24,796 INFO: flask startup [in /Users/Daisy/Desktop/flask_work/app/__init__.py:40]
2016-05-10 22:13:39,604 INFO: flask startup [in /Users/Daisy/Desktop/flask_work/app/__init__.py:40]
2016-05-10 22:13:58,845 INFO: flask startup [in /Users/Daisy/Desktop/flask_work/app/__init__.py:40]
2016-05-10 22:14:14,456 INFO: flask startup [in /Users/Daisy/Desktop/flask_work/app/__init__.py:40]
2016-05-10 22:14:33,605 INFO: flask startup [in /Users/Daisy/Desktop/flask_work/app/__init__.py:40]
2016-05-10 22:14:35,806 INFO: flask startup [in /Users/Daisy/Desktop/flask_work/app/__init__.py:40]
2016-05-10 23:06:00,993 INFO: flask startup [in /Users/Daisy/Desktop/flask_work/app/__init__.py:40]
2016-05-10 23:06:04,086 INFO: flask startup [in /Users/Daisy/Desktop/flask_work/app/__init__.py:40]
2016-05-10 23:25:14,459 INFO: flask startup [in /Users/Daisy/Desktop/flask_work/app/__init__.py:40]
2016-05-10 23:25:16,417 INFO: flask startup [in /Users/Daisy/Desktop/flask_work/app/__init__.py:40]
2016-05-11 12:22:09,343 INFO: flask startup [in /Users/Daisy/Desktop/flask_work/app/__init__.py:40]
2016-05-11 12:22:11,619 INFO: flask startup [in /Users/Daisy/Desktop/flask_work/app/__init__.py:40]
2016-05-11 12:59:32,753 INFO: flask startup [in /Users/Daisy/Desktop/flask_work/app/__init__.py:40]
2016-05-11 12:59:35,510 INFO: flask startup [in /Users/Daisy/Desktop/flask_work/app/__init__.py:40]
2016-05-11 13:18:35,761 INFO: flask startup [in /Users/Daisy/Desktop/flask_work/app/__init__.py:40]
2016-05-11 13:46:35,484 INFO: flask startup [in /Users/Daisy/Desktop/flask_work/app/__init__.py:40]
2016-05-11 13:57:35,818 INFO: flask startup [in /Users/Daisy/Desktop/flask_work/app/__init__.py:40]
2016-05-11 13:58:18,431 INFO: flask startup [in /Users/Daisy/Desktop/flask_work/app/__init__.py:40]
2016-05-11 13:58:20,679 INFO: flask startup [in /Users/Daisy/Desktop/flask_work/app/__init__.py:40]
2016-05-11 14:02:44,868 INFO: flask startup [in /Users/Daisy/Desktop/flask_work/app/__init__.py:40]
2016-05-11 14:02:46,980 INFO: flask startup [in /Users/Daisy/Desktop/flask_work/app/__init__.py:40]
2016-05-11 15:02:52,769 INFO: flask startup [in /Users/Daisy/Desktop/flask_work/app/__init__.py:40]
2016-05-11 15:02:54,516 INFO: flask startup [in /Users/Daisy/Desktop/flask_work/app/__init__.py:40]
2016-05-11 15:04:30,625 INFO: flask startup [in /Users/Daisy/Desktop/flask_work/app/__init__.py:40]
2016-05-11 15:08:17,776 INFO: flask startup [in /Users/Daisy/Desktop/flask_work/app/__init__.py:40]
2016-05-11 15:10:20,567 INFO: flask startup [in /Users/Daisy/Desktop/flask_work/app/__init__.py:40]
2016-05-11 15:11:58,970 INFO: flask startup [in /Users/Daisy/Desktop/flask_work/app/__init__.py:40]
2016-05-11 15:12:01,026 INFO: flask startup [in /Users/Daisy/Desktop/flask_work/app/__init__.py:40]
2016-05-11 15:14:12,407 INFO: flask startup [in /Users/Daisy/Desktop/flask_work/app/__init__.py:40]
2016-05-11 15:15:36,291 INFO: flask startup [in /Users/Daisy/Desktop/flask_work/app/__init__.py:40]
2016-05-11 15:16:29,240 INFO: flask startup [in /Users/Daisy/Desktop/flask_work/app/__init__.py:40]
2016-05-11 15:16:44,746 INFO: flask startup [in /Users/Daisy/Desktop/flask_work/app/__init__.py:40]
2016-05-11 15:24:40,605 INFO: flask startup [in /Users/Daisy/Desktop/flask_work/app/__init__.py:40]
2016-05-11 15:24:43,056 INFO: flask startup [in /Users/Daisy/Desktop/flask_work/app/__init__.py:40]
2016-05-11 15:25:21,453 INFO: flask startup [in /Users/Daisy/Desktop/flask_work/app/__init__.py:40]
2016-05-11 15:26:01,785 INFO: flask startup [in /Users/Daisy/Desktop/flask_work/app/__init__.py:40]
2016-05-11 15:26:17,380 INFO: flask startup [in /Users/Daisy/Desktop/flask_work/app/__init__.py:40]
2016-05-11 15:26:29,381 INFO: flask startup [in /Users/Daisy/Desktop/flask_work/app/__init__.py:40]
2016-05-11 16:33:45,912 INFO: flask startup [in /Users/Daisy/Desktop/flask_work/app/__init__.py:40]
2016-05-11 16:37:54,230 INFO: flask startup [in /Users/Daisy/Desktop/flask_work/app/__init__.py:40]
2016-05-11 16:37:56,334 INFO: flask startup [in /Users/Daisy/Desktop/flask_work/app/__init__.py:40]
2016-05-11 16:38:45,745 INFO: flask startup [in /Users/Daisy/Desktop/flask_work/app/__init__.py:40]
2016-05-11 16:38:58,799 INFO: flask startup [in /Users/Daisy/Desktop/flask_work/app/__init__.py:40]
2016-05-11 16:39:35,489 INFO: flask startup [in /Users/Daisy/Desktop/flask_work/app/__init__.py:40]
2016-05-11 16:40:21,868 INFO: flask startup [in /Users/Daisy/Desktop/flask_work/app/__init__.py:40]
2016-05-11 16:42:53,173 INFO: flask startup [in /Users/Daisy/Desktop/flask_work/app/__init__.py:40]
2016-05-11 16:43:56,251 INFO: flask startup [in /Users/Daisy/Desktop/flask_work/app/__init__.py:40]
2016-05-11 16:44:09,243 INFO: flask startup [in /Users/Daisy/Desktop/flask_work/app/__init__.py:40]
2016-05-11 16:46:08,553 INFO: flask startup [in /Users/Daisy/Desktop/flask_work/app/__init__.py:40]
2016-05-11 16:46:13,832 INFO: flask startup [in /Users/Daisy/Desktop/flask_work/app/__init__.py:40]
2016-05-11 16:46:40,002 INFO: flask startup [in /Users/Daisy/Desktop/flask_work/app/__init__.py:40]
2016-05-11 16:49:24,200 INFO: flask startup [in /Users/Daisy/Desktop/flask_work/app/__init__.py:40]
2016-05-11 16:49:38,272 INFO: flask startup [in /Users/Daisy/Desktop/flask_work/app/__init__.py:40]
2016-05-11 16:58:58,730 INFO: flask startup [in /Users/Daisy/Desktop/flask_work/app/__init__.py:40]
2016-05-11 16:59:00,847 INFO: flask startup [in /Users/Daisy/Desktop/flask_work/app/__init__.py:40]
2016-05-11 16:59:34,081 INFO: flask startup [in /Users/Daisy/Desktop/flask_work/app/__init__.py:40]
2016-05-11 17:00:38,127 INFO: flask startup [in /Users/Daisy/Desktop/flask_work/app/__init__.py:40]
2016-05-11 17:01:04,256 INFO: flask startup [in /Users/Daisy/Desktop/flask_work/app/__init__.py:40]
2016-05-11 17:01:50,552 INFO: flask startup [in /Users/Daisy/Desktop/flask_work/app/__init__.py:40]
2016-05-11 17:04:01,329 INFO: flask startup [in /Users/Daisy/Desktop/flask_work/app/__init__.py:40]
2016-05-11 17:04:44,990 INFO: flask startup [in /Users/Daisy/Desktop/flask_work/app/__init__.py:40]
2016-05-11 17:04:52,048 INFO: flask startup [in /Users/Daisy/Desktop/flask_work/app/__init__.py:40]
2016-05-11 17:04:57,980 INFO: flask startup [in /Users/Daisy/Desktop/flask_work/app/__init__.py:40]
2016-05-11 17:05:03,824 INFO: flask startup [in /Users/Daisy/Desktop/flask_work/app/__init__.py:40]
2016-05-11 17:05:28,324 INFO: flask startup [in /Users/Daisy/Desktop/flask_work/app/__init__.py:40]
2016-05-11 17:06:10,774 INFO: flask startup [in /Users/Daisy/Desktop/flask_work/app/__init__.py:40]
2016-05-11 17:06:47,016 INFO: flask startup [in /Users/Daisy/Desktop/flask_work/app/__init__.py:40]
2016-05-11 17:07:04,977 INFO: flask startup [in /Users/Daisy/Desktop/flask_work/app/__init__.py:40]
2016-05-11 17:07:32,202 INFO: flask startup [in /Users/Daisy/Desktop/flask_work/app/__init__.py:40]
2016-05-11 17:14:31,200 INFO: flask startup [in /Users/Daisy/Desktop/flask_work/app/__init__.py:40]
2016-05-11 17:14:33,318 INFO: flask startup [in /Users/Daisy/Desktop/flask_work/app/__init__.py:40]
2016-05-11 17:35:16,420 INFO: flask startup [in /Users/Daisy/Desktop/flask_work/app/__init__.py:40]
2016-05-11 17:35:34,689 INFO: flask startup [in /Users/Daisy/Desktop/flask_work/app/__init__.py:40]
2016-05-11 17:35:37,810 INFO: flask startup [in /Users/Daisy/Desktop/flask_work/app/__init__.py:40]
2016-05-11 17:38:51,746 INFO: flask startup [in /Users/Daisy/Desktop/flask_work/app/__init__.py:40]
2016-05-11 17:38:55,827 INFO: flask startup [in /Users/Daisy/Desktop/flask_work/app/__init__.py:40]
2016-05-11 17:40:44,955 INFO: flask startup [in /Users/Daisy/Desktop/flask_work/app/__init__.py:40]
2016-05-11 17:42:07,570 INFO: flask startup [in /Users/Daisy/Desktop/flask_work/app/__init__.py:40]
2016-05-11 17:43:14,288 INFO: flask startup [in /Users/Daisy/Desktop/flask_work/app/__init__.py:40]
2016-05-11 17:43:16,286 INFO: flask startup [in /Users/Daisy/Desktop/flask_work/app/__init__.py:40]
2016-05-11 17:44:32,008 INFO: flask startup [in /Users/Daisy/Desktop/flask_work/app/__init__.py:40]
2016-05-11 17:46:09,588 INFO: flask startup [in /Users/Daisy/Desktop/flask_work/app/__init__.py:40]
2016-05-11 17:47:02,951 INFO: flask startup [in /Users/Daisy/Desktop/flask_work/app/__init__.py:40]
2016-05-11 17:47:40,006 INFO: flask startup [in /Users/Daisy/Desktop/flask_work/app/__init__.py:40]
2016-05-11 17:47:48,190 INFO: flask startup [in /Users/Daisy/Desktop/flask_work/app/__init__.py:40]
2016-05-11 17:47:53,894 INFO: flask startup [in /Users/Daisy/Desktop/flask_work/app/__init__.py:40]
2016-05-11 17:48:12,811 INFO: flask startup [in /Users/Daisy/Desktop/flask_work/app/__init__.py:40]
2016-05-11 17:49:12,783 INFO: flask startup [in /Users/Daisy/Desktop/flask_work/app/__init__.py:40]
2016-05-11 17:49:14,825 INFO: flask startup [in /Users/Daisy/Desktop/flask_work/app/__init__.py:40]
2016-05-11 17:51:58,404 INFO: flask startup [in /Users/Daisy/Desktop/flask_work/app/__init__.py:40]
2016-05-11 17:52:45,063 INFO: flask startup [in /Users/Daisy/Desktop/flask_work/app/__init__.py:40]
2016-05-11 17:53:00,926 INFO: flask startup [in /Users/Daisy/Desktop/flask_work/app/__init__.py:40]
2016-05-11 17:53:06,140 INFO: flask startup [in /Users/Daisy/Desktop/flask_work/app/__init__.py:40]
2016-05-11 17:58:21,712 INFO: flask startup [in /Users/Daisy/Desktop/flask_work/app/__init__.py:40]
2016-05-11 18:01:15,919 INFO: flask startup [in /Users/Daisy/Desktop/flask_work/app/__init__.py:40]
2016-05-11 18:01:25,009 INFO: flask startup [in /Users/Daisy/Desktop/flask_work/app/__init__.py:40]
2016-05-11 18:07:20,927 INFO: flask startup [in /Users/Daisy/Desktop/flask_work/app/__init__.py:40]
2016-05-11 18:07:22,958 INFO: flask startup [in /Users/Daisy/Desktop/flask_work/app/__init__.py:40]
2016-05-11 18:08:41,293 INFO: flask startup [in /Users/Daisy/Desktop/flask_work/app/__init__.py:40]
2016-05-11 18:08:43,274 INFO: flask startup [in /Users/Daisy/Desktop/flask_work/app/__init__.py:40]
2016-05-11 18:11:02,892 INFO: flask startup [in /Users/Daisy/Desktop/flask_work/app/__init__.py:40]
2016-05-11 18:11:04,955 INFO: flask startup [in /Users/Daisy/Desktop/flask_work/app/__init__.py:40]
2016-05-11 18:12:15,919 INFO: flask startup [in /Users/Daisy/Desktop/flask_work/app/__init__.py:40]
2016-05-11 18:12:17,968 INFO: flask startup [in /Users/Daisy/Desktop/flask_work/app/__init__.py:40]
2016-05-11 18:28:01,753 INFO: flask startup [in /Users/Daisy/Desktop/flask_work/app/__init__.py:40]
2016-05-11 18:28:45,655 INFO: flask startup [in /Users/Daisy/Desktop/flask_work/app/__init__.py:40]
2016-05-11 18:35:44,463 INFO: flask startup [in /Users/Daisy/Desktop/flask_work/app/__init__.py:40]
2016-05-11 18:36:18,629 INFO: flask startup [in /Users/Daisy/Desktop/flask_work/app/__init__.py:40]
2016-05-11 22:33:34,249 INFO: flask startup [in /Users/Daisy/Desktop/flask_work/app/__init__.py:40]
2016-05-11 22:34:37,992 INFO: flask startup [in /Users/Daisy/Desktop/flask_work/app/__init__.py:40]
2016-05-11 22:34:58,551 INFO: flask startup [in /Users/Daisy/Desktop/flask_work/app/__init__.py:40]
2016-05-11 22:35:01,527 INFO: flask startup [in /Users/Daisy/Desktop/flask_work/app/__init__.py:40]
2016-05-11 22:36:40,023 INFO: flask startup [in /Users/Daisy/Desktop/flask_work/app/__init__.py:40]
2016-05-11 22:36:41,361 INFO: flask startup [in /Users/Daisy/Desktop/flask_work/app/__init__.py:40]
2016-05-11 23:32:11,117 INFO: flask startup [in /Users/Daisy/Desktop/flask_work/app/__init__.py:40]
2016-05-11 23:33:44,656 INFO: flask startup [in /Users/Daisy/Desktop/flask_work/app/__init__.py:40]
2016-05-11 23:34:49,649 INFO: flask startup [in /Users/Daisy/Desktop/flask_work/app/__init__.py:40]
2016-05-12 12:23:37,854 INFO: flask startup [in /Users/Daisy/Desktop/flask_work/app/__init__.py:40]
2016-05-12 12:23:39,836 INFO: flask startup [in /Users/Daisy/Desktop/flask_work/app/__init__.py:40]
2016-05-12 12:26:05,770 INFO: flask startup [in /Users/Daisy/Desktop/flask_work/app/__init__.py:40]
2016-05-12 12:26:07,347 INFO: flask startup [in /Users/Daisy/Desktop/flask_work/app/__init__.py:40]
2016-05-12 12:27:32,576 INFO: flask startup [in /Users/Daisy/Desktop/flask_work/app/__init__.py:40]
2016-05-12 12:27:34,194 INFO: flask startup [in /Users/Daisy/Desktop/flask_work/app/__init__.py:40]
2016-05-12 12:29:31,067 INFO: flask startup [in /Users/Daisy/Desktop/flask_work/app/__init__.py:40]
2016-05-12 12:29:52,769 INFO: flask startup [in /Users/Daisy/Desktop/flask_work/app/__init__.py:40]
2016-05-12 12:33:12,579 INFO: flask startup [in /Users/Daisy/Desktop/flask_work/app/__init__.py:40]
2016-05-12 12:38:34,751 INFO: flask startup [in /Users/Daisy/Desktop/flask_work/app/__init__.py:40]
2016-05-12 12:52:04,168 INFO: flask startup [in /Users/Daisy/Desktop/flask_work/app/__init__.py:40]
2016-05-12 12:53:14,660 INFO: flask startup [in /Users/Daisy/Desktop/flask_work/app/__init__.py:40]
2016-05-12 12:53:16,264 INFO: flask startup [in /Users/Daisy/Desktop/flask_work/app/__init__.py:40]
2016-05-12 12:57:42,278 INFO: flask startup [in /Users/Daisy/Desktop/flask_work/app/__init__.py:40]
2016-05-12 12:57:43,946 INFO: flask startup [in /Users/Daisy/Desktop/flask_work/app/__init__.py:40]
2016-05-12 13:46:52,380 INFO: flask startup [in /Users/Daisy/Desktop/flask_work/app/__init__.py:40]
2016-05-12 13:46:53,997 INFO: flask startup [in /Users/Daisy/Desktop/flask_work/app/__init__.py:40]
2016-05-12 13:50:10,082 INFO: flask startup [in /Users/Daisy/Desktop/flask_work/app/__init__.py:40]
2016-05-12 13:54:40,733 INFO: flask startup [in /Users/Daisy/Desktop/flask_work/app/__init__.py:40]
2016-05-12 13:55:42,060 INFO: flask startup [in /Users/Daisy/Desktop/flask_work/app/__init__.py:40]
2016-05-12 13:56:41,315 INFO: flask startup [in /Users/Daisy/Desktop/flask_work/app/__init__.py:40]
2016-05-12 13:57:03,749 INFO: flask startup [in /Users/Daisy/Desktop/flask_work/app/__init__.py:40]
2016-05-12 13:57:23,488 INFO: flask startup [in /Users/Daisy/Desktop/flask_work/app/__init__.py:40]
2016-05-12 13:57:29,549 INFO: flask startup [in /Users/Daisy/Desktop/flask_work/app/__init__.py:40]
2016-05-12 14:00:55,516 INFO: flask startup [in /Users/Daisy/Desktop/flask_work/app/__init__.py:40]
2016-05-12 14:00:56,747 INFO: flask startup [in /Users/Daisy/Desktop/flask_work/app/__init__.py:40]
2016-05-12 15:17:20,755 INFO: flask startup [in /Users/Daisy/Desktop/flask_work/app/__init__.py:40]
2016-05-12 15:17:22,409 INFO: flask startup [in /Users/Daisy/Desktop/flask_work/app/__init__.py:40]
2016-05-12 15:43:19,655 INFO: flask startup [in /Users/Daisy/Desktop/flask_work/app/__init__.py:40]
2016-05-12 15:43:23,342 INFO: flask startup [in /Users/Daisy/Desktop/flask_work/app/__init__.py:40]
2016-05-12 15:44:33,426 INFO: flask startup [in /Users/Daisy/Desktop/flask_work/app/__init__.py:40]
2016-05-12 16:43:46,935 INFO: flask startup [in /Users/Daisy/Desktop/flask_work/app/__init__.py:40]
2016-05-12 16:43:48,520 INFO: flask startup [in /Users/Daisy/Desktop/flask_work/app/__init__.py:40]
2016-05-12 23:09:40,341 INFO: flask startup [in /Users/Daisy/Desktop/flask_work/app/__init__.py:42]
2016-05-12 23:10:37,859 INFO: flask startup [in /Users/Daisy/Desktop/flask_work/app/__init__.py:42]
2016-05-12 23:10:39,789 INFO: flask startup [in /Users/Daisy/Desktop/flask_work/app/__init__.py:42]
2016-05-12 23:11:02,277 INFO: flask startup [in /Users/Daisy/Desktop/flask_work/app/__init__.py:42]
2016-05-13 00:07:33,487 INFO: flask startup [in /Users/Daisy/Desktop/flask_work/app/__init__.py:42]
2016-05-13 03:22:03,532 INFO: flask startup [in /Users/Daisy/Desktop/archive/app/__init__.py:42]
2016-05-13 03:23:29,046 INFO: flask startup [in /Users/Daisy/Desktop/archive/app/__init__.py:42]
2016-05-13 03:23:30,590 INFO: flask startup [in /Users/Daisy/Desktop/archive/app/__init__.py:42]
2016-05-13 03:29:37,960 INFO: flask startup [in /Users/Daisy/Desktop/archive/app/__init__.py:42]
2016-05-13 03:31:30,793 INFO: flask startup [in /Users/Daisy/Desktop/archive/app/__init__.py:42]
2016-05-13 03:32:06,877 INFO: flask startup [in /Users/Daisy/Desktop/archive/app/__init__.py:42]
2016-05-13 03:32:20,322 INFO: flask startup [in /Users/Daisy/Desktop/archive/app/__init__.py:42]
2016-05-13 03:33:14,279 INFO: flask startup [in /Users/Daisy/Desktop/archive/app/__init__.py:42]
2016-05-13 03:37:13,757 INFO: flask startup [in /Users/Daisy/Desktop/archive/app/__init__.py:42]
2016-05-13 03:42:51,478 INFO: flask startup [in /Users/Daisy/Desktop/archive/app/__init__.py:42]
2016-05-13 03:42:53,105 INFO: flask startup [in /Users/Daisy/Desktop/archive/app/__init__.py:42]
2016-05-13 03:53:25,915 INFO: flask startup [in /Users/Daisy/Desktop/archive/app/__init__.py:42]
2016-05-13 03:54:40,041 INFO: flask startup [in /Users/Daisy/Desktop/archive/app/__init__.py:42]
2016-05-13 03:54:41,699 INFO: flask startup [in /Users/Daisy/Desktop/archive/app/__init__.py:42]
2016-05-13 03:56:36,235 INFO: flask startup [in /Users/Daisy/Desktop/archive/app/__init__.py:42]
2016-05-13 04:01:38,113 INFO: flask startup [in /Users/Daisy/Desktop/archive/app/__init__.py:42]
2016-05-13 04:02:01,074 INFO: flask startup [in /Users/Daisy/Desktop/archive/app/__init__.py:42]
2016-05-13 04:02:05,586 INFO: flask startup [in /Users/Daisy/Desktop/archive/app/__init__.py:42]
2016-05-13 04:19:04,768 INFO: flask startup [in /Users/Daisy/Desktop/archive/app/__init__.py:42]
2016-05-15 22:34:26,115 INFO: flask startup [in /Users/Daisy/Desktop/archive/app/__init__.py:42]
2016-05-15 22:34:28,198 INFO: flask startup [in /Users/Daisy/Desktop/archive/app/__init__.py:42]
2016-05-16 13:20:57,157 INFO: flask startup [in /Users/Daisy/Desktop/archive/app/__init__.py:42]
2016-05-16 13:21:39,399 INFO: flask startup [in /Users/Daisy/Desktop/archive/app/__init__.py:42]
2016-05-16 13:21:41,087 INFO: flask startup [in /Users/Daisy/Desktop/archive/app/__init__.py:42]
2016-05-16 14:18:33,295 INFO: flask startup [in /Users/Daisy/Desktop/archive/app/__init__.py:42]
2016-05-16 14:19:58,949 INFO: flask startup [in /Users/Daisy/Desktop/archive/app/__init__.py:42]
2016-05-16 14:20:17,799 INFO: flask startup [in /Users/Daisy/Desktop/archive/app/__init__.py:42]
2016-05-16 14:21:30,977 INFO: flask startup [in /Users/Daisy/Desktop/archive/app/__init__.py:42]
2016-05-16 14:22:03,004 INFO: flask startup [in /Users/Daisy/Desktop/archive/app/__init__.py:42]
2016-05-16 14:22:24,823 INFO: flask startup [in /Users/Daisy/Desktop/archive/app/__init__.py:42]
2016-05-16 14:22:26,013 INFO: flask startup [in /Users/Daisy/Desktop/archive/app/__init__.py:42]
2016-05-16 15:09:24,847 INFO: flask startup [in /Users/Daisy/Desktop/archive/app/__init__.py:42]
2016-05-16 15:10:37,377 INFO: flask startup [in /Users/Daisy/Desktop/archive/app/__init__.py:42]
2016-05-16 15:10:57,260 INFO: flask startup [in /Users/Daisy/Desktop/archive/app/__init__.py:42]
2016-05-16 15:11:18,899 INFO: flask startup [in /Users/Daisy/Desktop/archive/app/__init__.py:42]
2016-05-16 15:28:24,781 INFO: flask startup [in /Users/Daisy/Desktop/archive/app/__init__.py:42]
2016-05-16 15:29:33,982 INFO: flask startup [in /Users/Daisy/Desktop/archive/app/__init__.py:42]
2016-05-16 15:29:35,569 INFO: flask startup [in /Users/Daisy/Desktop/archive/app/__init__.py:42]
2016-05-16 15:30:16,352 INFO: flask startup [in /Users/Daisy/Desktop/archive/app/__init__.py:42]
2016-05-16 15:33:35,921 INFO: flask startup [in /Users/Daisy/Desktop/archive/app/__init__.py:42]
2016-05-16 15:34:02,836 INFO: flask startup [in /Users/Daisy/Desktop/archive/app/__init__.py:42]
2016-05-16 15:34:42,945 INFO: flask startup [in /Users/Daisy/Desktop/archive/app/__init__.py:42]
2016-05-16 15:35:18,585 INFO: flask startup [in /Users/Daisy/Desktop/archive/app/__init__.py:42]
2016-05-16 15:35:32,024 INFO: flask startup [in /Users/Daisy/Desktop/archive/app/__init__.py:42]
2016-05-16 15:35:35,312 INFO: flask startup [in /Users/Daisy/Desktop/archive/app/__init__.py:42]
2016-05-16 17:26:45,892 INFO: flask startup [in /Users/Daisy/Desktop/archive/app/__init__.py:42]
2016-05-16 17:27:23,628 INFO: flask startup [in /Users/Daisy/Desktop/archive/app/__init__.py:42]
2016-05-16 17:28:17,911 INFO: flask startup [in /Users/Daisy/Desktop/archive/app/__init__.py:42]
2016-05-16 17:28:41,830 INFO: flask startup [in /Users/Daisy/Desktop/archive/app/__init__.py:42]
2016-05-16 17:28:43,199 INFO: flask startup [in /Users/Daisy/Desktop/archive/app/__init__.py:42]
2016-05-16 17:30:09,516 INFO: flask startup [in /Users/Daisy/Desktop/archive/app/__init__.py:42]
2016-05-16 17:34:20,438 INFO: flask startup [in /Users/Daisy/Desktop/archive/app/__init__.py:42]
2016-05-16 17:34:22,750 INFO: flask startup [in /Users/Daisy/Desktop/archive/app/__init__.py:42]
2016-05-16 17:34:48,518 INFO: flask startup [in /Users/Daisy/Desktop/archive/app/__init__.py:42]
2016-05-16 17:44:10,471 INFO: flask startup [in /Users/Daisy/Desktop/archive/app/__init__.py:42]
2016-05-16 17:44:39,748 INFO: flask startup [in /Users/Daisy/Desktop/archive/app/__init__.py:42]
2016-05-16 17:45:04,076 INFO: flask startup [in /Users/Daisy/Desktop/archive/app/__init__.py:42]
2016-05-16 17:45:05,822 INFO: flask startup [in /Users/Daisy/Desktop/archive/app/__init__.py:42]
2016-05-16 17:45:49,736 INFO: flask startup [in /Users/Daisy/Desktop/archive/app/__init__.py:42]
2016-05-16 17:47:09,087 INFO: flask startup [in /Users/Daisy/Desktop/archive/app/__init__.py:42]
2016-05-16 17:47:14,210 INFO: flask startup [in /Users/Daisy/Desktop/archive/app/__init__.py:42]
2016-05-16 17:47:55,635 INFO: flask startup [in /Users/Daisy/Desktop/archive/app/__init__.py:42]
2016-05-16 17:48:31,191 INFO: flask startup [in /Users/Daisy/Desktop/archive/app/__init__.py:42]
2016-05-16 17:48:32,795 INFO: flask startup [in /Users/Daisy/Desktop/archive/app/__init__.py:42]
2016-05-16 17:49:59,179 INFO: flask startup [in /Users/Daisy/Desktop/archive/app/__init__.py:42]
2016-05-16 17:50:14,021 INFO: flask startup [in /Users/Daisy/Desktop/archive/app/__init__.py:42]
2016-05-16 18:01:27,693 INFO: flask startup [in /Users/Daisy/Desktop/archive/app/__init__.py:42]
2016-05-16 18:01:53,709 INFO: flask startup [in /Users/Daisy/Desktop/archive/app/__init__.py:42]
2016-05-16 18:03:04,912 INFO: flask startup [in /Users/Daisy/Desktop/archive/app/__init__.py:42]
2016-05-17 12:51:16,952 INFO: flask startup [in /Users/Daisy/Desktop/archive/app/__init__.py:42]
2016-05-17 12:51:19,056 INFO: flask startup [in /Users/Daisy/Desktop/archive/app/__init__.py:42]
2016-05-17 13:04:20,596 INFO: flask startup [in /Users/Daisy/Desktop/archive/app/__init__.py:42]
2016-05-17 13:04:21,935 INFO: flask startup [in /Users/Daisy/Desktop/archive/app/__init__.py:42]
2016-05-17 13:21:04,789 INFO: flask startup [in /Users/Daisy/Desktop/archive/app/__init__.py:42]
2016-05-17 13:21:06,522 INFO: flask startup [in /Users/Daisy/Desktop/archive/app/__init__.py:42]
2016-05-17 13:25:43,288 INFO: flask startup [in /Users/Daisy/Desktop/archive/app/__init__.py:42]
2016-05-17 13:25:45,763 INFO: flask startup [in /Users/Daisy/Desktop/archive/app/__init__.py:42]
2016-05-17 13:52:37,278 INFO: flask startup [in /Users/Daisy/Desktop/archive/app/__init__.py:42]
2016-05-17 13:53:16,608 INFO: flask startup [in /Users/Daisy/Desktop/archive/app/__init__.py:42]
2016-05-17 13:54:08,559 INFO: flask startup [in /Users/Daisy/Desktop/archive/app/__init__.py:42]
2016-05-17 13:56:12,879 INFO: flask startup [in /Users/Daisy/Desktop/archive/app/__init__.py:42]
2016-05-17 13:56:58,068 INFO: flask startup [in /Users/Daisy/Desktop/archive/app/__init__.py:42]
2016-05-17 13:58:42,746 INFO: flask startup [in /Users/Daisy/Desktop/archive/app/__init__.py:42]
2016-05-17 13:59:58,017 INFO: flask startup [in /Users/Daisy/Desktop/archive/app/__init__.py:42]
2016-05-17 14:00:15,755 INFO: flask startup [in /Users/Daisy/Desktop/archive/app/__init__.py:42]
2016-05-17 14:00:22,412 INFO: flask startup [in /Users/Daisy/Desktop/archive/app/__init__.py:42]
2016-05-17 14:00:24,063 INFO: flask startup [in /Users/Daisy/Desktop/archive/app/__init__.py:42]
2016-05-17 14:01:53,570 INFO: flask startup [in /Users/Daisy/Desktop/archive/app/__init__.py:42]
2016-05-17 14:03:19,500 INFO: flask startup [in /Users/Daisy/Desktop/archive/app/__init__.py:42]
2016-05-17 14:04:33,421 INFO: flask startup [in /Users/Daisy/Desktop/archive/app/__init__.py:42]
2016-05-17 14:07:30,053 INFO: flask startup [in /Users/Daisy/Desktop/archive/app/__init__.py:42]
2016-05-17 14:08:25,281 INFO: flask startup [in /Users/Daisy/Desktop/archive/app/__init__.py:42]
2016-05-17 14:13:33,641 INFO: flask startup [in /Users/Daisy/Desktop/archive/app/__init__.py:42]
2016-05-17 14:14:15,556 INFO: flask startup [in /Users/Daisy/Desktop/archive/app/__init__.py:42]
2016-05-17 14:18:07,699 INFO: flask startup [in /Users/Daisy/Desktop/archive/app/__init__.py:42]
2016-05-17 14:20:15,112 INFO: flask startup [in /Users/Daisy/Desktop/archive/app/__init__.py:42]
2016-05-17 14:20:17,082 INFO: flask startup [in /Users/Daisy/Desktop/archive/app/__init__.py:42]
2016-05-17 14:20:57,882 INFO: flask startup [in /Users/Daisy/Desktop/archive/app/__init__.py:42]
2016-05-17 14:29:54,867 INFO: flask startup [in /Users/Daisy/Desktop/archive/app/__init__.py:42]
2016-05-17 14:32:49,372 INFO: flask startup [in /Users/Daisy/Desktop/archive/app/__init__.py:42]
2016-05-17 14:33:24,254 INFO: flask startup [in /Users/Daisy/Desktop/archive/app/__init__.py:42]
2016-05-17 14:34:09,189 INFO: flask startup [in /Users/Daisy/Desktop/archive/app/__init__.py:42]
2016-05-17 14:34:32,708 INFO: flask startup [in /Users/Daisy/Desktop/archive/app/__init__.py:42]
2016-05-17 15:42:51,108 INFO: flask startup [in /Users/Daisy/Desktop/archive/app/__init__.py:42]
2016-05-17 15:44:25,996 INFO: flask startup [in /Users/Daisy/Desktop/archive/app/__init__.py:42]
2016-05-17 15:44:33,829 INFO: flask startup [in /Users/Daisy/Desktop/archive/app/__init__.py:42]
2016-05-17 15:47:22,321 INFO: flask startup [in /Users/Daisy/Desktop/archive/app/__init__.py:42]
2016-05-17 15:47:26,118 INFO: flask startup [in /Users/Daisy/Desktop/archive/app/__init__.py:42]
